TN:
SF:script/Router.s.sol
FN:34,RouterScript._hashPair
FNDA:0,RouterScript._hashPair
DA:38,0
FN:41,RouterScript._setUpPools
FNDA:0,RouterScript._setUpPools
DA:47,0
DA:53,0
DA:59,0
DA:65,0
FN:76,RouterScript._setUpPoolsCRVUSD_ETH
FNDA:0,RouterScript._setUpPoolsCRVUSD_ETH
DA:82,0
DA:83,0
DA:84,0
DA:85,0
DA:86,0
DA:89,0
DA:91,0
DA:93,0
DA:95,0
DA:98,0
DA:100,0
DA:102,0
DA:104,0
DA:105,0
DA:109,0
DA:111,0
DA:112,0
FN:115,RouterScript._setUpPoolsETH_CRVUSD
FNDA:0,RouterScript._setUpPoolsETH_CRVUSD
DA:121,0
DA:122,0
DA:123,0
DA:124,0
DA:125,0
DA:126,0
DA:130,0
DA:132,0
DA:134,0
DA:135,0
DA:139,0
DA:141,0
DA:143,0
DA:144,0
DA:148,0
DA:149,0
DA:151,0
FN:154,RouterScript._setUpPoolsCRVUSD_WSTETH
FNDA:0,RouterScript._setUpPoolsCRVUSD_WSTETH
DA:160,0
DA:161,0
DA:162,0
DA:163,0
DA:164,0
DA:167,0
DA:168,0
DA:170,0
DA:172,0
DA:174,0
DA:177,0
DA:178,0
DA:180,0
DA:182,0
DA:184,0
DA:185,0
DA:189,0
DA:190,0
DA:192,0
FN:195,RouterScript._setUpPoolsWSTETH_CRVUSD
FNDA:0,RouterScript._setUpPoolsWSTETH_CRVUSD
DA:201,0
DA:202,0
DA:203,0
DA:204,0
DA:205,0
DA:206,0
DA:207,0
DA:211,0
DA:213,0
DA:215,0
DA:216,0
DA:217,0
DA:221,0
DA:223,0
DA:225,0
DA:226,0
DA:230,0
DA:231,0
DA:233,0
FN:236,RouterScript.run
FNDA:0,RouterScript.run
DA:237,0
DA:239,0
DA:241,0
DA:242,0
DA:243,0
DA:244,0
DA:246,0
DA:248,0
DA:255,0
DA:257,0
DA:259,0
FNF:7
FNH:0
LF:88
LH:0
BRF:0
BRH:0
end_of_record
TN:
SF:src/Router.sol
FN:59,Router.withdrawERC20
FNDA:2,Router.withdrawERC20
DA:64,1
DA:66,1
FN:74,Router.addRoute
FNDA:64,Router.addRoute
DA:78,63
BRDA:78,0,0,1
BRDA:78,0,1,62
DA:80,62
DA:82,62
BRDA:82,1,0,1
BRDA:82,1,1,61
DA:84,61
DA:86,61
DA:89,61
DA:90,122
DA:91,122
DA:93,122
DA:95,122
DA:99,122
FN:112,Router.removeRoute
FNDA:4,Router.removeRoute
DA:113,3
BRDA:113,2,0,1
BRDA:113,2,1,2
DA:115,2
DA:116,2
DA:118,2
BRDA:118,3,0,1
BRDA:118,3,1,-
DA:121,1
DA:124,1
DA:126,1
FN:135,Router.approvePath
FNDA:1,Router.approvePath
DA:140,1
DA:141,1
DA:143,1
DA:145,1
DA:146,1
FN:158,Router.swap
FNDA:0,Router.swap
DA:165,0
DA:167,0
DA:170,0
DA:171,0
DA:173,0
DA:174,0
DA:177,0
DA:182,0
DA:184,0
BRDA:184,4,0,-
BRDA:184,4,1,-
DA:187,0
DA:191,0
BRDA:191,5,0,-
BRDA:191,5,1,-
DA:193,0
DA:202,0
FN:212,Router.getSwapOutput
FNDA:2,Router.getSwapOutput
DA:216,2
DA:217,2
DA:220,2
DA:221,1
DA:222,1
DA:223,1
DA:225,1
DA:226,2
DA:229,0
BRDA:229,6,0,-
BRDA:229,6,1,-
DA:230,0
DA:231,0
DA:236,1
FN:246,Router.getSwapInput
FNDA:0,Router.getSwapInput
DA:250,0
DA:251,0
DA:252,0
DA:255,0
DA:256,0
DA:257,0
DA:258,0
DA:261,0
DA:263,0
BRDA:263,7,0,-
BRDA:263,7,1,-
DA:265,0
DA:268,0
BRDA:268,8,0,-
BRDA:268,8,1,-
DA:269,0
DA:270,0
FN:281,Router.getRoutes
FNDA:6,Router.getRoutes
DA:282,6
FNF:8
FNH:6
LF:64
LH:35
BRF:18
BRH:7
end_of_record
TN:
SF:src/paths/CurveCryptoV2.sol
FN:56,CurveCryptoV2.initialize
FNDA:20,CurveCryptoV2.initialize
DA:57,20
BRDA:57,0,0,-
BRDA:57,0,1,20
DA:59,20
DA:60,20
DA:61,20
DA:62,20
DA:64,20
DA:66,20
DA:67,20
FN:70,CurveCryptoV2._pool
FNDA:20,CurveCryptoV2._pool
DA:71,20
FN:74,CurveCryptoV2._inputTokenIndex
FNDA:0,CurveCryptoV2._inputTokenIndex
DA:75,0
FN:78,CurveCryptoV2._outputTokenIndex
FNDA:0,CurveCryptoV2._outputTokenIndex
DA:79,0
FN:82,CurveCryptoV2._inputToken
FNDA:40,CurveCryptoV2._inputToken
DA:83,40
FN:86,CurveCryptoV2._outputToken
FNDA:40,CurveCryptoV2._outputToken
DA:87,40
FN:90,CurveCryptoV2.approveSpenders
FNDA:0,CurveCryptoV2.approveSpenders
DA:91,0
DA:93,0
DA:94,0
FN:97,CurveCryptoV2.pool
FNDA:0,CurveCryptoV2.pool
DA:98,0
FN:101,CurveCryptoV2.tokens
FNDA:20,CurveCryptoV2.tokens
DA:102,20
FN:105,CurveCryptoV2.quoteTokenOutput
FNDA:0,CurveCryptoV2.quoteTokenOutput
DA:106,0
FN:109,CurveCryptoV2.quoteTokenInput
FNDA:0,CurveCryptoV2.quoteTokenInput
DA:110,0
FN:113,CurveCryptoV2.swap
FNDA:0,CurveCryptoV2.swap
DA:114,0
DA:116,0
DA:117,0
FNF:12
FNH:5
LF:23
LH:12
BRF:2
BRH:1
end_of_record
TN:
SF:src/paths/CurveCryptoV2Factory.sol
FN:10,CurveCryptoV2Factory.create
FNDA:20,CurveCryptoV2Factory.create
DA:15,20
DA:16,20
DA:27,20
FNF:1
FNH:1
LF:3
LH:3
BRF:0
BRH:0
end_of_record
TN:
SF:src/paths/CurveStableSwap.sol
FN:55,CurveStableSwap.initialize
FNDA:41,CurveStableSwap.initialize
DA:56,41
BRDA:56,0,0,-
BRDA:56,0,1,41
DA:58,41
DA:59,41
DA:60,41
DA:61,41
DA:63,41
DA:65,41
DA:66,41
FN:69,CurveStableSwap._pool
FNDA:42,CurveStableSwap._pool
DA:70,42
FN:73,CurveStableSwap._inputTokenIndex
FNDA:1,CurveStableSwap._inputTokenIndex
DA:74,1
FN:77,CurveStableSwap._outputTokenIndex
FNDA:1,CurveStableSwap._outputTokenIndex
DA:78,1
FN:81,CurveStableSwap._inputToken
FNDA:85,CurveStableSwap._inputToken
DA:82,85
FN:85,CurveStableSwap._outputToken
FNDA:85,CurveStableSwap._outputToken
DA:86,85
FN:89,CurveStableSwap.approveSpenders
FNDA:0,CurveStableSwap.approveSpenders
DA:90,0
DA:92,0
DA:93,0
FN:96,CurveStableSwap.pool
FNDA:0,CurveStableSwap.pool
DA:97,0
FN:100,CurveStableSwap.tokens
FNDA:44,CurveStableSwap.tokens
DA:101,44
FN:104,CurveStableSwap.quoteTokenOutput
FNDA:1,CurveStableSwap.quoteTokenOutput
DA:105,1
FN:108,CurveStableSwap.quoteTokenInput
FNDA:0,CurveStableSwap.quoteTokenInput
DA:109,0
FN:112,CurveStableSwap.swap
FNDA:0,CurveStableSwap.swap
DA:113,0
DA:115,0
DA:116,0
FNF:12
FNH:8
LF:23
LH:15
BRF:2
BRH:1
end_of_record
TN:
SF:src/paths/CurveStableSwapFactory.sol
FN:10,CurveStableSwapFactory.create
FNDA:41,CurveStableSwapFactory.create
DA:15,41
DA:16,41
DA:27,41
FNF:1
FNH:1
LF:3
LH:3
BRF:0
BRH:0
end_of_record
TN:
SF:src/paths/UniswapV3.sol
FN:51,UniswapV3._pool
FNDA:1,UniswapV3._pool
DA:52,1
FN:55,UniswapV3._inputToken
FNDA:62,UniswapV3._inputToken
DA:56,62
FN:59,UniswapV3._outputToken
FNDA:62,UniswapV3._outputToken
DA:60,62
FN:63,UniswapV3._zeroForOne
FNDA:1,UniswapV3._zeroForOne
DA:64,1
DA:65,1
FN:72,UniswapV3._sqrtPriceLimit
FNDA:1,UniswapV3._sqrtPriceLimit
DA:73,1
FN:76,UniswapV3.pool
FNDA:0,UniswapV3.pool
DA:77,0
FN:80,UniswapV3.tokens
FNDA:62,UniswapV3.tokens
DA:81,62
FN:84,UniswapV3.quoteTokenOutput
FNDA:1,UniswapV3.quoteTokenOutput
DA:85,1
DA:86,1
DA:93,0
FN:96,UniswapV3.quoteTokenInput
FNDA:0,UniswapV3.quoteTokenInput
DA:97,0
DA:98,0
DA:105,0
FN:108,UniswapV3.swap
FNDA:0,UniswapV3.swap
DA:109,0
DA:110,0
DA:118,0
FN:121,UniswapV3.uniswapV3SwapCallback
FNDA:0,UniswapV3.uniswapV3SwapCallback
DA:127,0
BRDA:127,0,0,-
BRDA:127,0,1,-
DA:129,0
DA:130,0
DA:131,0
DA:133,0
BRDA:133,1,0,-
BRDA:133,1,1,-
DA:135,0
FNF:11
FNH:7
LF:23
LH:9
BRF:4
BRH:0
end_of_record
TN:
SF:src/paths/UniswapV3Factory.sol
FN:22,UniswapV3Factory.create
FNDA:61,UniswapV3Factory.create
DA:26,61
DA:27,61
DA:30,61
DA:36,61
DA:37,61
BRDA:35,0,0,-
BRDA:35,0,1,61
DA:38,0
DA:40,61
DA:41,61
FNF:1
FNH:1
LF:8
LH:7
BRF:2
BRH:1
end_of_record
