TN:
SF:script/Router.s.sol
FN:32,RouterScript._hashPair
FNDA:0,RouterScript._hashPair
DA:36,0
FN:39,RouterScript._setUpPools
FNDA:0,RouterScript._setUpPools
DA:44,0
DA:45,0
FN:51,RouterScript._setUpPoolsCRVUSD_ETH
FNDA:0,RouterScript._setUpPoolsCRVUSD_ETH
DA:56,0
DA:59,0
DA:62,0
DA:65,0
DA:68,0
DA:72,0
DA:73,0
DA:74,0
DA:75,0
DA:77,0
DA:78,0
DA:79,0
DA:81,0
DA:83,0
DA:84,0
DA:86,0
DA:88,0
DA:89,0
DA:90,0
DA:91,0
DA:93,0
DA:95,0
DA:96,0
DA:97,0
DA:99,0
FN:102,RouterScript._setUpPoolsETH_CRVUSD
FNDA:0,RouterScript._setUpPoolsETH_CRVUSD
DA:107,0
DA:110,0
DA:113,0
DA:116,0
DA:119,0
DA:123,0
DA:124,0
DA:125,0
DA:126,0
DA:128,0
DA:129,0
DA:130,0
DA:132,0
DA:134,0
DA:135,0
DA:137,0
DA:139,0
DA:140,0
DA:141,0
DA:142,0
DA:144,0
DA:146,0
DA:147,0
DA:148,0
DA:150,0
FN:153,RouterScript.run
FNDA:0,RouterScript.run
DA:154,0
DA:156,0
DA:158,0
DA:159,0
DA:160,0
DA:161,0
DA:162,0
DA:164,0
DA:165,0
DA:167,0
DA:169,0
DA:170,0
DA:171,0
DA:172,0
DA:174,0
FNF:5
FNH:0
LF:68
LH:0
BRF:0
BRH:0
end_of_record
TN:
SF:src/Router.sol
FN:69,Router.withdrawERC20
FNDA:260,Router.withdrawERC20
DA:74,259
DA:77,259
FN:84,Router.addRoute
FNDA:3,Router.addRoute
DA:85,2
DA:87,2
BRDA:87,0,0,1
BRDA:87,0,1,1
DA:90,1
DA:93,1
DA:95,1
DA:99,1
DA:101,1
DA:102,2
DA:103,2
DA:105,2
DA:107,2
DA:111,2
FN:124,Router.removeRoute
FNDA:259,Router.removeRoute
DA:125,258
BRDA:125,1,0,1
BRDA:125,1,1,257
DA:128,257
DA:131,257
DA:133,257
BRDA:133,2,0,-
BRDA:133,2,1,160
DA:135,257
DA:138,257
FN:147,Router.approvePath
FNDA:2,Router.approvePath
DA:152,1
DA:153,1
DA:155,1
DA:157,1
DA:158,1
FN:171,Router.swap
FNDA:0,Router.swap
DA:179,0
DA:181,0
DA:184,0
DA:185,0
DA:187,0
DA:188,0
DA:191,0
DA:196,0
DA:198,0
BRDA:198,3,0,-
BRDA:198,3,1,-
DA:201,0
DA:202,0
DA:205,0
DA:207,0
DA:209,0
DA:213,0
BRDA:213,4,0,-
BRDA:213,4,1,-
DA:215,0
FN:227,Router.getSwapOutput
FNDA:0,Router.getSwapOutput
DA:231,0
DA:232,0
DA:235,0
DA:236,0
DA:237,0
DA:238,0
DA:240,0
DA:241,0
DA:244,0
BRDA:244,5,0,-
BRDA:244,5,1,-
DA:245,0
DA:246,0
DA:251,0
FN:261,Router.getSwapInput
FNDA:0,Router.getSwapInput
DA:265,0
DA:266,0
DA:267,0
DA:270,0
DA:271,0
DA:272,0
DA:273,0
DA:276,0
DA:278,0
BRDA:278,6,0,-
BRDA:278,6,1,-
DA:280,0
DA:283,0
BRDA:283,7,0,-
BRDA:283,7,1,-
DA:284,0
DA:285,0
FN:296,Router.getRoutes
FNDA:517,Router.getRoutes
DA:297,517
FN:301,Router.transferOwnership
FNDA:0,Router.transferOwnership
FN:306,Router.renounceOwnership
FNDA:0,Router.renounceOwnership
FNF:10
FNH:5
LF:67
LH:26
BRF:16
BRH:5
end_of_record
TN:
SF:src/paths/CurveCryptoV2.sol
FN:56,CurveCryptoV2.initialize
FNDA:0,CurveCryptoV2.initialize
DA:57,0
BRDA:57,0,0,-
BRDA:57,0,1,-
DA:59,0
DA:60,0
DA:61,0
DA:62,0
DA:64,0
DA:66,0
DA:67,0
FN:70,CurveCryptoV2._pool
FNDA:0,CurveCryptoV2._pool
DA:71,0
FN:74,CurveCryptoV2._inputTokenIndex
FNDA:0,CurveCryptoV2._inputTokenIndex
DA:75,0
FN:78,CurveCryptoV2._outputTokenIndex
FNDA:0,CurveCryptoV2._outputTokenIndex
DA:79,0
FN:82,CurveCryptoV2._inputToken
FNDA:0,CurveCryptoV2._inputToken
DA:83,0
FN:86,CurveCryptoV2._outputToken
FNDA:0,CurveCryptoV2._outputToken
DA:87,0
FN:90,CurveCryptoV2.approveSpenders
FNDA:0,CurveCryptoV2.approveSpenders
DA:91,0
DA:93,0
DA:94,0
FN:97,CurveCryptoV2.pool
FNDA:0,CurveCryptoV2.pool
DA:98,0
FN:101,CurveCryptoV2.tokens
FNDA:0,CurveCryptoV2.tokens
DA:102,0
FN:105,CurveCryptoV2.quoteTokenOutput
FNDA:0,CurveCryptoV2.quoteTokenOutput
DA:106,0
FN:109,CurveCryptoV2.quoteTokenInput
FNDA:0,CurveCryptoV2.quoteTokenInput
DA:110,0
FN:113,CurveCryptoV2.swap
FNDA:0,CurveCryptoV2.swap
DA:114,0
DA:116,0
DA:117,0
FNF:12
FNH:0
LF:23
LH:0
BRF:2
BRH:0
end_of_record
TN:
SF:src/paths/CurveCryptoV2Factory.sol
FN:16,CurveCryptoV2Factory.create
FNDA:0,CurveCryptoV2Factory.create
DA:21,0
BRDA:21,0,0,-
BRDA:21,0,1,-
DA:22,0
BRDA:22,1,0,-
BRDA:22,1,1,-
DA:24,0
DA:25,0
DA:37,0
FNF:1
FNH:0
LF:5
LH:0
BRF:4
BRH:0
end_of_record
TN:
SF:src/paths/CurveStableSwap.sol
FN:55,CurveStableSwap.initialize
FNDA:0,CurveStableSwap.initialize
DA:56,0
BRDA:56,0,0,-
BRDA:56,0,1,-
DA:58,0
DA:59,0
DA:60,0
DA:61,0
DA:63,0
DA:65,0
DA:66,0
FN:69,CurveStableSwap._pool
FNDA:0,CurveStableSwap._pool
DA:70,0
FN:73,CurveStableSwap._inputTokenIndex
FNDA:0,CurveStableSwap._inputTokenIndex
DA:74,0
FN:77,CurveStableSwap._outputTokenIndex
FNDA:0,CurveStableSwap._outputTokenIndex
DA:78,0
FN:81,CurveStableSwap._inputToken
FNDA:7,CurveStableSwap._inputToken
DA:82,7
FN:85,CurveStableSwap._outputToken
FNDA:7,CurveStableSwap._outputToken
DA:86,7
FN:89,CurveStableSwap.approveSpenders
FNDA:0,CurveStableSwap.approveSpenders
DA:90,0
DA:92,0
DA:93,0
FN:96,CurveStableSwap.pool
FNDA:0,CurveStableSwap.pool
DA:97,0
FN:100,CurveStableSwap.tokens
FNDA:7,CurveStableSwap.tokens
DA:101,7
FN:104,CurveStableSwap.quoteTokenOutput
FNDA:0,CurveStableSwap.quoteTokenOutput
DA:105,0
FN:108,CurveStableSwap.quoteTokenInput
FNDA:0,CurveStableSwap.quoteTokenInput
DA:109,0
FN:112,CurveStableSwap.swap
FNDA:0,CurveStableSwap.swap
DA:113,0
DA:115,0
DA:116,0
FNF:12
FNH:3
LF:23
LH:3
BRF:2
BRH:0
end_of_record
TN:
SF:src/paths/CurveStableSwapFactory.sol
FN:16,CurveStableSwapFactory.create
FNDA:0,CurveStableSwapFactory.create
DA:21,0
BRDA:21,0,0,-
BRDA:21,0,1,-
DA:22,0
BRDA:22,1,0,-
BRDA:22,1,1,-
DA:25,0
DA:27,0
DA:39,0
FNF:1
FNH:0
LF:5
LH:0
BRF:4
BRH:0
end_of_record
TN:
SF:src/paths/UniswapV3.sol
FN:51,UniswapV3._pool
FNDA:0,UniswapV3._pool
DA:52,0
FN:55,UniswapV3._inputToken
FNDA:5,UniswapV3._inputToken
DA:56,5
FN:59,UniswapV3._outputToken
FNDA:5,UniswapV3._outputToken
DA:60,5
FN:63,UniswapV3._zeroForOne
FNDA:0,UniswapV3._zeroForOne
DA:64,0
DA:65,0
FN:72,UniswapV3._sqrtPriceLimit
FNDA:0,UniswapV3._sqrtPriceLimit
DA:73,0
FN:76,UniswapV3.pool
FNDA:0,UniswapV3.pool
DA:77,0
FN:80,UniswapV3.tokens
FNDA:5,UniswapV3.tokens
DA:81,5
FN:84,UniswapV3.quoteTokenOutput
FNDA:0,UniswapV3.quoteTokenOutput
DA:85,0
DA:86,0
DA:93,0
FN:96,UniswapV3.quoteTokenInput
FNDA:0,UniswapV3.quoteTokenInput
DA:97,0
DA:98,0
DA:105,0
FN:108,UniswapV3.swap
FNDA:0,UniswapV3.swap
DA:109,0
DA:110,0
DA:118,0
FN:121,UniswapV3.uniswapV3SwapCallback
FNDA:0,UniswapV3.uniswapV3SwapCallback
DA:127,0
BRDA:127,0,0,-
BRDA:127,0,1,-
DA:129,0
DA:130,0
DA:131,0
DA:133,0
BRDA:133,1,0,-
BRDA:133,1,1,-
DA:135,0
FNF:11
FNH:3
LF:23
LH:3
BRF:4
BRH:0
end_of_record
TN:
SF:src/paths/UniswapV3Factory.sol
FN:22,UniswapV3Factory.create
FNDA:0,UniswapV3Factory.create
DA:26,0
BRDA:26,0,0,-
BRDA:26,0,1,-
DA:28,0
DA:29,0
DA:32,0
DA:38,0
DA:39,0
BRDA:37,1,0,-
BRDA:37,1,1,-
DA:40,0
DA:42,0
DA:43,0
FNF:1
FNH:0
LF:9
LH:0
BRF:4
BRH:0
end_of_record
TN:
SF:test/RouterHelper.sol
FN:64,RouterHelper._setUpRoutes
FNDA:0,RouterHelper._setUpRoutes
DA:65,0
DA:66,0
FN:69,RouterHelper._hashPair
FNDA:0,RouterHelper._hashPair
DA:73,0
FN:76,RouterHelper._getSwapOutput
FNDA:0,RouterHelper._getSwapOutput
DA:80,0
DA:81,0
DA:83,0
DA:84,0
DA:87,0
FN:90,RouterHelper._getSwapInput
FNDA:0,RouterHelper._getSwapInput
DA:94,0
DA:95,0
DA:98,0
DA:100,0
BRDA:100,0,0,-
BRDA:100,0,1,-
DA:102,0
FN:106,RouterHelper._setUpRoutesCRVUSD_ETH
FNDA:0,RouterHelper._setUpRoutesCRVUSD_ETH
DA:107,0
DA:110,0
DA:113,0
DA:116,0
DA:119,0
DA:123,0
DA:124,0
DA:125,0
DA:126,0
DA:128,0
DA:129,0
DA:130,0
DA:132,0
DA:134,0
DA:135,0
DA:137,0
DA:139,0
DA:140,0
DA:141,0
DA:142,0
DA:144,0
DA:146,0
DA:147,0
DA:148,0
DA:150,0
FN:153,RouterHelper._setUpRoutesETH_CRVUSD
FNDA:0,RouterHelper._setUpRoutesETH_CRVUSD
DA:154,0
DA:157,0
DA:160,0
DA:163,0
DA:166,0
DA:170,0
DA:171,0
DA:172,0
DA:173,0
DA:175,0
DA:176,0
DA:177,0
DA:179,0
DA:181,0
DA:182,0
DA:184,0
DA:186,0
DA:187,0
DA:188,0
DA:189,0
DA:191,0
DA:193,0
DA:194,0
DA:195,0
DA:197,0
FNF:6
FNH:0
LF:63
LH:0
BRF:2
BRH:0
end_of_record
